<?xml version="1.0" encoding="UTF-8" ?>
<testsuite failures="0" time="0.004" errors="0" skipped="0" tests="2" name="org.apache.aries.blueprint.ext.PropertyPlaceholderTest">
  <properties>
    <property name="java.runtime.name" value="Java(TM) SE Runtime Environment"/>
    <property name="sun.boot.library.path" value="/System/Library/Java/JavaVirtualMachines/1.6.0.jdk/Contents/Libraries"/>
    <property name="java.vm.version" value="20.65-b04-462"/>
    <property name="awt.nativeDoubleBuffering" value="true"/>
    <property name="gopherProxySet" value="false"/>
    <property name="mrj.build" value="11M4609"/>
    <property name="java.vm.vendor" value="Apple Inc."/>
    <property name="java.vendor.url" value="http://www.apple.com/"/>
    <property name="path.separator" value=":"/>
    <property name="java.vm.name" value="Java HotSpot(TM) 64-Bit Server VM"/>
    <property name="file.encoding.pkg" value="sun.io"/>
    <property name="user.country" value="DE"/>
    <property name="sun.java.launcher" value="SUN_STANDARD"/>
    <property name="sun.os.patch.level" value="unknown"/>
    <property name="java.vm.specification.name" value="Java Virtual Machine Specification"/>
    <property name="user.dir" value="/Users/ronny/Entwicklung/workspace/Java_workspace/aries/blueprint/blueprint-core/target"/>
    <property name="java.runtime.version" value="1.6.0_65-b14-462-11M4609"/>
    <property name="java.awt.graphicsenv" value="apple.awt.CGraphicsEnvironment"/>
    <property name="basedir" value="/Users/ronny/Entwicklung/workspace/Java_workspace/aries/blueprint/blueprint-core"/>
    <property name="java.endorsed.dirs" value="/System/Library/Java/JavaVirtualMachines/1.6.0.jdk/Contents/Home/lib/endorsed"/>
    <property name="os.arch" value="x86_64"/>
    <property name="surefire.real.class.path" value="/var/folders/9v/m7tbnklx7ng9tzqy108_76840000gn/T/surefirebooter9182072404107399024.jar"/>
    <property name="java.io.tmpdir" value="/var/folders/9v/m7tbnklx7ng9tzqy108_76840000gn/T/"/>
    <property name="line.separator" value="
"/>
    <property name="java.vm.specification.vendor" value="Sun Microsystems Inc."/>
    <property name="https.proxyHost" value="127.0.0.1"/>
    <property name="os.name" value="Mac OS X"/>
    <property name="sun.jnu.encoding" value="MacRoman"/>
    <property name="java.library.path" value=".:/Library/Java/Extensions:/System/Library/Java/Extensions:/usr/lib/java"/>
    <property name="http.proxyPort" value="8555"/>
    <property name="surefire.test.class.path" value="/Users/ronny/Entwicklung/workspace/Java_workspace/aries/blueprint/blueprint-core/target/test-classes:/Users/ronny/Entwicklung/workspace/Java_workspace/aries/blueprint/blueprint-core/target/classes:/Users/ronny/.m2/repository/org/apache/aries/blueprint/org.apache.aries.blueprint.api/1.0.0/org.apache.aries.blueprint.api-1.0.0.jar:/Users/ronny/.m2/repository/org/apache/aries/blueprint/org.apache.aries.blueprint.annotation.api/1.0.0/org.apache.aries.blueprint.annotation.api-1.0.0.jar:/Users/ronny/.m2/repository/org/apache/aries/blueprint/blueprint-parser/1.1.0/blueprint-parser-1.1.0.jar:/Users/ronny/.m2/repository/org/apache/aries/org.apache.aries.util/1.0.0/org.apache.aries.util-1.0.0.jar:/Users/ronny/.m2/repository/org/osgi/org.osgi.core/4.2.0/org.osgi.core-4.2.0.jar:/Users/ronny/.m2/repository/org/osgi/org.osgi.compendium/4.2.0/org.osgi.compendium-4.2.0.jar:/Users/ronny/.m2/repository/org/slf4j/slf4j-api/1.5.11/slf4j-api-1.5.11.jar:/Users/ronny/.m2/repository/org/slf4j/slf4j-simple/1.5.11/slf4j-simple-1.5.11.jar:/Users/ronny/.m2/repository/org/ow2/asm/asm-all/4.0/asm-all-4.0.jar:/Users/ronny/.m2/repository/org/apache/aries/quiesce/org.apache.aries.quiesce.api/1.0.0/org.apache.aries.quiesce.api-1.0.0.jar:/Users/ronny/.m2/repository/org/apache/aries/testsupport/org.apache.aries.testsupport.unit/1.0.0/org.apache.aries.testsupport.unit-1.0.0.jar:/Users/ronny/.m2/repository/org/ops4j/pax/exam/pax-exam/1.2.3/pax-exam-1.2.3.jar:/Users/ronny/.m2/repository/org/ops4j/base/ops4j-base-lang/1.2.2/ops4j-base-lang-1.2.2.jar:/Users/ronny/.m2/repository/org/ops4j/base/ops4j-base-store/1.2.2/ops4j-base-store-1.2.2.jar:/Users/ronny/.m2/repository/org/ops4j/base/ops4j-base-io/1.2.2/ops4j-base-io-1.2.2.jar:/Users/ronny/.m2/repository/org/ops4j/pax/exam/pax-exam-container-default/1.2.3/pax-exam-container-default-1.2.3.jar:/Users/ronny/.m2/repository/org/ops4j/pax/exam/pax-exam-spi/1.2.3/pax-exam-spi-1.2.3.jar:/Users/ronny/.m2/repository/org/ops4j/pax/exam/pax-exam-container-rbc-client/1.2.3/pax-exam-container-rbc-client-1.2.3.jar:/Users/ronny/.m2/repository/org/ops4j/pax/exam/pax-exam-container-rbc/1.2.3/pax-exam-container-rbc-1.2.3.jar:/Users/ronny/.m2/repository/org/ops4j/base/ops4j-base-net/1.2.2/ops4j-base-net-1.2.2.jar:/Users/ronny/.m2/repository/org/ops4j/base/ops4j-base-monitors/1.2.2/ops4j-base-monitors-1.2.2.jar:/Users/ronny/.m2/repository/org/ops4j/pax/runner/pax-runner-no-jcl/1.4.0/pax-runner-no-jcl-1.4.0.jar:/Users/ronny/.m2/repository/org/apache/aries/proxy/org.apache.aries.proxy.api/1.0.0/org.apache.aries.proxy.api-1.0.0.jar:/Users/ronny/.m2/repository/org/apache/aries/proxy/org.apache.aries.proxy.impl/1.0.0/org.apache.aries.proxy.impl-1.0.0.jar:/Users/ronny/.m2/repository/junit/junit/4.8.1/junit-4.8.1.jar:"/>
    <property name="java.specification.name" value="Java Platform API Specification"/>
    <property name="java.class.version" value="50.0"/>
    <property name="sun.management.compiler" value="HotSpot 64-Bit Tiered Compilers"/>
    <property name="os.version" value="10.9"/>
    <property name="http.nonProxyHosts" value="local|*.local|169.254/16|*.169.254/16"/>
    <property name="user.home" value="/Users/ronny"/>
    <property name="user.timezone" value="Europe/Berlin"/>
    <property name="java.awt.printerjob" value="apple.awt.CPrinterJob"/>
    <property name="java.specification.version" value="1.6"/>
    <property name="file.encoding" value="MacRoman"/>
    <property name="user.name" value="ronny"/>
    <property name="java.class.path" value="/Users/ronny/Entwicklung/workspace/Java_workspace/aries/blueprint/blueprint-core/target/test-classes:/Users/ronny/Entwicklung/workspace/Java_workspace/aries/blueprint/blueprint-core/target/classes:/Users/ronny/.m2/repository/org/apache/aries/blueprint/org.apache.aries.blueprint.api/1.0.0/org.apache.aries.blueprint.api-1.0.0.jar:/Users/ronny/.m2/repository/org/apache/aries/blueprint/org.apache.aries.blueprint.annotation.api/1.0.0/org.apache.aries.blueprint.annotation.api-1.0.0.jar:/Users/ronny/.m2/repository/org/apache/aries/blueprint/blueprint-parser/1.1.0/blueprint-parser-1.1.0.jar:/Users/ronny/.m2/repository/org/apache/aries/org.apache.aries.util/1.0.0/org.apache.aries.util-1.0.0.jar:/Users/ronny/.m2/repository/org/osgi/org.osgi.core/4.2.0/org.osgi.core-4.2.0.jar:/Users/ronny/.m2/repository/org/osgi/org.osgi.compendium/4.2.0/org.osgi.compendium-4.2.0.jar:/Users/ronny/.m2/repository/org/slf4j/slf4j-api/1.5.11/slf4j-api-1.5.11.jar:/Users/ronny/.m2/repository/org/slf4j/slf4j-simple/1.5.11/slf4j-simple-1.5.11.jar:/Users/ronny/.m2/repository/org/ow2/asm/asm-all/4.0/asm-all-4.0.jar:/Users/ronny/.m2/repository/org/apache/aries/quiesce/org.apache.aries.quiesce.api/1.0.0/org.apache.aries.quiesce.api-1.0.0.jar:/Users/ronny/.m2/repository/org/apache/aries/testsupport/org.apache.aries.testsupport.unit/1.0.0/org.apache.aries.testsupport.unit-1.0.0.jar:/Users/ronny/.m2/repository/org/ops4j/pax/exam/pax-exam/1.2.3/pax-exam-1.2.3.jar:/Users/ronny/.m2/repository/org/ops4j/base/ops4j-base-lang/1.2.2/ops4j-base-lang-1.2.2.jar:/Users/ronny/.m2/repository/org/ops4j/base/ops4j-base-store/1.2.2/ops4j-base-store-1.2.2.jar:/Users/ronny/.m2/repository/org/ops4j/base/ops4j-base-io/1.2.2/ops4j-base-io-1.2.2.jar:/Users/ronny/.m2/repository/org/ops4j/pax/exam/pax-exam-container-default/1.2.3/pax-exam-container-default-1.2.3.jar:/Users/ronny/.m2/repository/org/ops4j/pax/exam/pax-exam-spi/1.2.3/pax-exam-spi-1.2.3.jar:/Users/ronny/.m2/repository/org/ops4j/pax/exam/pax-exam-container-rbc-client/1.2.3/pax-exam-container-rbc-client-1.2.3.jar:/Users/ronny/.m2/repository/org/ops4j/pax/exam/pax-exam-container-rbc/1.2.3/pax-exam-container-rbc-1.2.3.jar:/Users/ronny/.m2/repository/org/ops4j/base/ops4j-base-net/1.2.2/ops4j-base-net-1.2.2.jar:/Users/ronny/.m2/repository/org/ops4j/base/ops4j-base-monitors/1.2.2/ops4j-base-monitors-1.2.2.jar:/Users/ronny/.m2/repository/org/ops4j/pax/runner/pax-runner-no-jcl/1.4.0/pax-runner-no-jcl-1.4.0.jar:/Users/ronny/.m2/repository/org/apache/aries/proxy/org.apache.aries.proxy.api/1.0.0/org.apache.aries.proxy.api-1.0.0.jar:/Users/ronny/.m2/repository/org/apache/aries/proxy/org.apache.aries.proxy.impl/1.0.0/org.apache.aries.proxy.impl-1.0.0.jar:/Users/ronny/.m2/repository/junit/junit/4.8.1/junit-4.8.1.jar:"/>
    <property name="java.vm.specification.version" value="1.0"/>
    <property name="sun.arch.data.model" value="64"/>
    <property name="java.home" value="/System/Library/Java/JavaVirtualMachines/1.6.0.jdk/Contents/Home"/>
    <property name="sun.java.command" value="/var/folders/9v/m7tbnklx7ng9tzqy108_76840000gn/T/surefirebooter9182072404107399024.jar /var/folders/9v/m7tbnklx7ng9tzqy108_76840000gn/T/surefire2472194368953072598tmp /var/folders/9v/m7tbnklx7ng9tzqy108_76840000gn/T/surefire6052453517278092905tmp"/>
    <property name="java.specification.vendor" value="Sun Microsystems Inc."/>
    <property name="user.language" value="de"/>
    <property name="awt.toolkit" value="apple.awt.CToolkit"/>
    <property name="java.vm.info" value="mixed mode"/>
    <property name="java.version" value="1.6.0_65"/>
    <property name="java.ext.dirs" value="/Library/Java/Extensions:/System/Library/Java/Extensions:/System/Library/Java/JavaVirtualMachines/1.6.0.jdk/Contents/Home/lib/ext"/>
    <property name="http.proxyHost" value="127.0.0.1"/>
    <property name="sun.boot.class.path" value="/System/Library/Java/JavaVirtualMachines/1.6.0.jdk/Contents/Classes/jsfd.jar:/System/Library/Java/JavaVirtualMachines/1.6.0.jdk/Contents/Classes/classes.jar:/System/Library/Frameworks/JavaVM.framework/Frameworks/JavaRuntimeSupport.framework/Resources/Java/JavaRuntimeSupport.jar:/System/Library/Java/JavaVirtualMachines/1.6.0.jdk/Contents/Classes/ui.jar:/System/Library/Java/JavaVirtualMachines/1.6.0.jdk/Contents/Classes/laf.jar:/System/Library/Java/JavaVirtualMachines/1.6.0.jdk/Contents/Classes/sunrsasign.jar:/System/Library/Java/JavaVirtualMachines/1.6.0.jdk/Contents/Classes/jsse.jar:/System/Library/Java/JavaVirtualMachines/1.6.0.jdk/Contents/Classes/jce.jar:/System/Library/Java/JavaVirtualMachines/1.6.0.jdk/Contents/Classes/charsets.jar"/>
    <property name="java.vendor" value="Apple Inc."/>
    <property name="localRepository" value="/Users/ronny/.m2/repository"/>
    <property name="file.separator" value="/"/>
    <property name="java.vendor.url.bug" value="http://bugreport.apple.com/"/>
    <property name="sun.cpu.endian" value="little"/>
    <property name="sun.io.unicode.encoding" value="UnicodeLittle"/>
    <property name="mrj.version" value="1070.1.6.0_65-462"/>
    <property name="https.proxyPort" value="8555"/>
    <property name="socksNonProxyHosts" value="local|*.local|169.254/16|*.169.254/16"/>
    <property name="ftp.nonProxyHosts" value="local|*.local|169.254/16|*.169.254/16"/>
    <property name="sun.cpu.isalist" value=""/>
  </properties>
  <testcase time="0.002" classname="org.apache.aries.blueprint.ext.PropertyPlaceholderTest" name="singleProp"/>
  <testcase time="0.001" classname="org.apache.aries.blueprint.ext.PropertyPlaceholderTest" name="multipleProps"/>
</testsuite>